#
# There is insufficient memory for the Java Runtime Environment to continue.
# Native memory allocation (malloc) failed to allocate 1048576 bytes for AllocateHeap
# Possible reasons:
#   The system is out of physical RAM or swap space
#   The process is running with CompressedOops enabled, and the Java Heap may be blocking the growth of the native heap
# Possible solutions:
#   Reduce memory load on the system
#   Increase physical memory or swap space
#   Check if swap backing store is full
#   Decrease Java heap size (-Xmx/-Xms)
#   Decrease number of Java threads
#   Decrease Java thread stack sizes (-Xss)
#   Set larger code cache with -XX:ReservedCodeCacheSize=
#   JVM is running with Zero Based Compressed Oops mode in which the Java heap is
#     placed in the first 32GB address space. The Java Heap base address is the
#     maximum limit for the native heap growth. Please use -XX:HeapBaseMinAddress
#     to set the Java Heap base and to place the Java Heap above 32GB virtual address.
# This output file may be truncated or incomplete.
#
#  Out of Memory Error (memory/allocation.inline.hpp:61), pid=14872, tid=0x000000000000325c
#
# JRE version:  (8.0_202-b08) (build )
# Java VM: Java HotSpot(TM) 64-Bit Server VM (25.202-b08 mixed mode windows-amd64 compressed oops)
# Failed to write core dump. Minidumps are not enabled by default on client versions of Windows
#

---------------  T H R E A D  ---------------

Current thread (0x0000000002273800):  JavaThread "Unknown thread" [_thread_in_vm, id=12892, stack(0x0000000002170000,0x0000000002270000)]

Stack: [0x0000000002170000,0x0000000002270000]
[error occurred during error reporting (printing stack bounds), id 0xc0000005]

Native frames: (J=compiled Java code, j=interpreted, Vv=VM code, C=native code)


---------------  P R O C E S S  ---------------

Java Threads: ( => current thread )

Other Threads:

=>0x0000000002273800 (exited) JavaThread "Unknown thread" [_thread_in_vm, id=12892, stack(0x0000000002170000,0x0000000002270000)]

VM state:not at safepoint (normal execution)

VM Mutex/Monitor currently owned by a thread: None

heap address: 0x00000006c1c00000, size: 4068 MB, Compressed Oops mode: Zero based, Oop shift amount: 3
Narrow klass base: 0x0000000000000000, Narrow klass shift: 3
Compressed class space size: 1073741824 Address: 0x00000007c0000000

Heap:
 PSYoungGen      total 76288K, used 1310K [0x000000076b400000, 0x0000000770900000, 0x00000007c0000000)
  eden space 65536K, 2% used [0x000000076b400000,0x000000076b547af0,0x000000076f400000)
  from space 10752K, 0% used [0x000000076fe80000,0x000000076fe80000,0x0000000770900000)
  to   space 10752K, 0% used [0x000000076f400000,0x000000076f400000,0x000000076fe80000)
 ParOldGen       total 175104K, used 0K [0x00000006c1c00000, 0x00000006cc700000, 0x000000076b400000)
  object space 175104K, 0% used [0x00000006c1c00000,0x00000006c1c00000,0x00000006cc700000)
 Metaspace       used 775K, capacity 4480K, committed 4480K, reserved 1056768K
  class space    used 76K, capacity 384K, committed 384K, reserved 1048576K

Card table byte_map: [0x0000000011730000,0x0000000011f30000] byte_map_base: 0x000000000e122000

Marking Bits: (ParMarkBitMap*) 0x000000006b3b5ce0
 Begin Bits: [0x0000000012880000, 0x0000000016810000)
 End Bits:   [0x0000000016810000, 0x000000001a7a0000)

Polling page: 0x00000000001f0000

CodeCache: size=245760Kb used=328Kb max_used=328Kb free=245431Kb
 bounds [0x0000000002370000, 0x00000000025e0000, 0x0000000011370000]
 total_blobs=58 nmethods=0 adapters=38
 compilation: enabled

Compilation events (0 events):
No events

GC Heap History (0 events):
No events

Deoptimization events (0 events):
No events

Classes redefined (0 events):
No events

Internal exceptions (0 events):
No events

Events (10 events):
Event: 0.060 loading class java/lang/Short
Event: 0.060 loading class java/lang/Short done
Event: 0.060 loading class java/lang/Integer
Event: 0.060 loading class java/lang/Integer done
Event: 0.060 loading class java/lang/Long
Event: 0.060 loading class java/lang/Long done
Event: 0.061 loading class java/lang/NullPointerException
Event: 0.061 loading class java/lang/NullPointerException done
Event: 0.061 loading class java/lang/ArithmeticException
Event: 0.061 loading class java/lang/ArithmeticException done


Dynamic libraries:
0x00007ff773e50000 - 0x00007ff773e87000 	C:\Program Files\Java\jdk1.8.0_202\bin\javaw.exe
0x00007ff95d9d0000 - 0x00007ff95dbc7000 	C:\WINDOWS\SYSTEM32\ntdll.dll
0x00007ff95d2e0000 - 0x00007ff95d39d000 	C:\WINDOWS\System32\KERNEL32.DLL
0x00007ff95b730000 - 0x00007ff95b9fd000 	C:\WINDOWS\System32\KERNELBASE.dll
0x00007ff95cd20000 - 0x00007ff95cdce000 	C:\WINDOWS\System32\ADVAPI32.dll
0x00007ff95ba00000 - 0x00007ff95ba9e000 	C:\WINDOWS\System32\msvcrt.dll
0x00007ff95d8c0000 - 0x00007ff95d95c000 	C:\WINDOWS\System32\sechost.dll
0x00007ff95ca20000 - 0x00007ff95cb45000 	C:\WINDOWS\System32\RPCRT4.dll
0x00007ff95d400000 - 0x00007ff95d5a0000 	C:\WINDOWS\System32\USER32.dll
0x00007ff95b0c0000 - 0x00007ff95b0e2000 	C:\WINDOWS\System32\win32u.dll
0x00007ff95baa0000 - 0x00007ff95baca000 	C:\WINDOWS\System32\GDI32.dll
0x00007ff95b5b0000 - 0x00007ff95b6bb000 	C:\WINDOWS\System32\gdi32full.dll
0x00007ff95b510000 - 0x00007ff95b5ad000 	C:\WINDOWS\System32\msvcp_win.dll
0x00007ff95b0f0000 - 0x00007ff95b1f0000 	C:\WINDOWS\System32\ucrtbase.dll
0x00007ff94b270000 - 0x00007ff94b50a000 	C:\WINDOWS\WinSxS\amd64_microsoft.windows.common-controls_6595b64144ccf1df_6.0.19041.1110_none_60b5254171f9507e\COMCTL32.dll
0x00007ff95bad0000 - 0x00007ff95bb00000 	C:\WINDOWS\System32\IMM32.DLL
0x000000006b440000 - 0x000000006b512000 	C:\Program Files\Java\jdk1.8.0_202\jre\bin\msvcr100.dll
0x000000006ab90000 - 0x000000006b435000 	C:\Program Files\Java\jdk1.8.0_202\jre\bin\server\jvm.dll
0x00007ff95cb50000 - 0x00007ff95cb58000 	C:\WINDOWS\System32\PSAPI.DLL
0x00007ff94a4a0000 - 0x00007ff94a4a9000 	C:\WINDOWS\SYSTEM32\WSOCK32.dll
0x00007ff95d650000 - 0x00007ff95d6bb000 	C:\WINDOWS\System32\WS2_32.dll
0x00007ff94ce20000 - 0x00007ff94ce47000 	C:\WINDOWS\SYSTEM32\WINMM.dll
0x00007ff94f040000 - 0x00007ff94f04a000 	C:\WINDOWS\SYSTEM32\VERSION.dll
0x00007ff954d20000 - 0x00007ff954d2f000 	C:\Program Files\Java\jdk1.8.0_202\jre\bin\verify.dll
0x00007ff9462c0000 - 0x00007ff9462e9000 	C:\Program Files\Java\jdk1.8.0_202\jre\bin\java.dll
0x00007ff94c8e0000 - 0x00007ff94c8f6000 	C:\Program Files\Java\jdk1.8.0_202\jre\bin\zip.dll

VM Arguments:
jvm_args: -Dfile.encoding=UTF-8 
java_command: run.Main
java_class_path (initial): K:\java\tungMatLol\bin;D:\New folder\eclipse\plugins\org.eclipse.fx.ide.css.jfx8_3.7.0.202010120832.jar;K:\java\tungMatLol\lib\mysql-connector-java-5.1.42-bin.jar;K:\java\tungMatLol\hibernate\antlr-2.7.7.jar;K:\java\tungMatLol\hibernate\classmate-1.3.0.jar;K:\java\tungMatLol\hibernate\dom4j-1.6.1.jar;K:\java\tungMatLol\hibernate\hibernate-commons-annotations-5.0.1.Final.jar;K:\java\tungMatLol\hibernate\hibernate-core-5.2.11.Final.jar;K:\java\tungMatLol\hibernate\hibernate-jpa-2.1-api-1.0.0.Final.jar;K:\java\tungMatLol\hibernate\javassist-3.20.0-GA.jar;K:\java\tungMatLol\hibernate\jboss-annotations-api_1.2_spec-1.0.0.Final.jar;K:\java\tungMatLol\hibernate\jboss-jms-api_2.0_spec-1.0.0.Final.jar;K:\java\tungMatLol\hibernate\jboss-logging-3.3.0.Final.jar;K:\java\tungMatLol\hibernate\jboss-transaction-api_1.2_spec-1.0.0.Final.jar;K:\java\tungMatLol\hibernate\lucene-core-5.5.4.jar;K:\java\tungMatLol\hibernate\lucene-queryparser-5.5.4.jar;K:\java\tungMatLol\hibernate\xml-apis-1.3.03.jar;K:\java\tungMatLol\jpa\asm-6.0.jar;K:\java\tungMatLol\jpa\bootstrap-2.0.0.Final.jar;K:\java\tungMatLol\jpa\config-api-1.4.0.jar;K:\java\tungMatLol\jpa\config-api-runtime-1.4.0.jar;K:\java\tungMatLol\jpa\connector-2.0.0.Final.jar;K:\java\tungMatLol\jpa\container-2.0.0.Final.jar;K:\java\tungMatLol\jpa\datasources-2.0.0.Final.jar;K:\java\tungMatLol\jpa\ee-2.0.0.Final.jar;K:\java\tungMatLol\jpa\elytron-2.0.0.Final.jar;K:\java\tungMatLol\jpa\hibernate-jpa-2.1-api-1.0.0.Final.jar;K:\java\tungMatLol\jpa\ironjacamar-jdbc-1.4.6.Final.jar;K:\java\tungMatLol\jpa\jandex-2.0.3.Final.jar;K:\java\tungMatLol\jpa\javax.el-impl-3.0.1-b08-jbossorg-1.jar;K:\java\tungMatLol\jpa\jboss-annotations-api_1.2_spec-1.0.0.Final.jar;K:\java\tungMatLol\jpa\jboss-concurrency-api_1.0_spec-1.0.0.Final.jar;K:\java\tungMatLol\jpa\jboss-connector-api_1.7_spec-1.0.0.Final.jar;K:\java\tungMatLol\jpa\jboss-el-api_3.0_spec-1.0.9.Final.jar;K:\java\tungMatLol\jpa\jboss-interceptors-api_1.2_spec-1.0.0.Fin
Launcher Type: SUN_STANDARD

Environment Variables:
JAVA_HOME=C:\Program Files\Java\jdk1.8.0_202
JRE_HOME=C:\Program Files\Java\jre1.8.0_202
PATH=C:/Program Files/Java/jre1.8.0_202/bin/server;C:/Program Files/Java/jre1.8.0_202/bin;C:/Program Files/Java/jre1.8.0_202/lib/amd64;C:\Program Files (x86)\Common Files\Oracle\Java\javapath;K:\oracle\bin;C:\oracle\bin;C:\Program Files (x86)\Common Files\NetSarang;C:\Program Files (x86)\VMware\VMware Workstation\bin\;C:\WINDOWS\system32;C:\WINDOWS;C:\WINDOWS\System32\Wbem;C:\WINDOWS\System32\WindowsPowerShell\v1.0\;C:\Program Files\Microsoft SQL Server\Client SDK\ODBC\170\Tools\Binn\;C:\Program Files (x86)\Microsoft SQL Server\150\Tools\Binn\;C:\Program Files\Microsoft SQL Server\150\Tools\Binn\;C:\Program Files\Microsoft SQL Server\150\DTS\Binn\;C:\Program Files (x86)\Microsoft SQL Server\150\DTS\Binn\;C:\Program Files\Azure Data Studio\bin;C:\apache-maven-3.6.0\bin;C:\Program Files\Git\cmd;C:\Program Files\PuTTY\;C:\WINDOWS\System32\OpenSSH\;C:\Program Files\Docker\Docker\resources\bin;C:\ProgramData\DockerDesktop\version-bin;C:\Program Files\nodejs\;C:\Users\Hieu Johnny\AppData\Roaming\npm;C:\Program Files\Java\jdk1.8.0_202\bin;C:\Program Files\MySQL\MySQL Shell 8.0\bin\;C:\Users\Hieu Johnny\AppData\Local\Microsoft\WindowsApps;C:\Program Files\Azure Data Studio\bin;;C:\Program Files\JetBrains\IntelliJ IDEA 2021.2.1\bin;;C:\Users\Hieu Johnny\AppData\Roaming\npm;D:\visual\Microsoft VS Code\bin;D:\New folder\eclipse;
USERNAME=Hieu Johnny
OS=Windows_NT
PROCESSOR_IDENTIFIER=Intel64 Family 6 Model 78 Stepping 3, GenuineIntel



---------------  S Y S T E M  ---------------

OS: Windows 10.0 , 64 bit Build 19041 (10.0.19041.1741)

CPU:total 4 (initial active 4) (2 cores per cpu, 2 threads per core) family 6 model 78 stepping 3, cmov, cx8, fxsr, mmx, sse, sse2, sse3, ssse3, sse4.1, sse4.2, popcnt, avx, avx2, aes, clmul, erms, rtm, 3dnowpref, lzcnt, ht, tsc, tscinvbit, bmi1, bmi2, adx

Memory: 4k page, physical 16657440k(6809224k free), swap 30755304k(5592k free)

vm_info: Java HotSpot(TM) 64-Bit Server VM (25.202-b08) for windows-amd64 JRE (1.8.0_202-b08), built on Dec 15 2018 19:54:30 by "java_re" with MS VC++ 10.0 (VS2010)

time: Thu Jul 14 12:28:16 2022
timezone: SE Asia Standard Time
elapsed time: 0 seconds (0d 0h 0m 0s)

